<?xml version="1.0" encoding="UTF-8"?>
<!-- Generated by org.testng.reporters.JUnitReportReporter -->
<testsuite skipped="0" hostname="mahbub-VirtualBox" name="com.tt.TestRunner.TestRunner" tests="1" failures="0" timestamp="06 Jan 2019 15:36:05 GMT" time="11.138" errors="0">
  <testcase name="feature" time="11.138" classname="com.tt.TestRunner.TestRunner"/>
</testsuite> <!-- com.tt.TestRunner.TestRunner -->
